<?xml version="1.0" encoding="UTF-8" ?>
<testsuite tests="5" failures="0" name="TestRunner" time="56.406" errors="0" skipped="0">
  <properties>
[...]
</properties>
  <testcase classname="U102" name="Start editing a user" time="12.368"/>
  <testcase classname="U102" name="Start editing a user" time="10.801"/>
  <testcase classname="U102" name="Start editing a user" time="11.126"/>
  <testcase classname="U102" name="Start editing a user" time="11.019"/>
  <testcase classname="U102" name="Start editing a user" time="11.092"/>
</testsuite>