<?xml version="1.0" encoding="UTF-8" ?>
<testsuite tests="5" failures="0" name="uts.asd.hsms.model.dao.MavenJUnitTest" time="5.466" errors="0" skipped="0">
  <properties>
[...]
</properties>
  <testcase classname="uts.asd.hsms.model.dao.MavenJUnitTest" name="test101" time="0.001"/>
  <testcase classname="uts.asd.hsms.model.dao.MavenJUnitTest" name="test102" time="3.914"/>
  <testcase classname="uts.asd.hsms.model.dao.MavenJUnitTest" name="test103" time="0.226"/>
  <testcase classname="uts.asd.hsms.model.dao.MavenJUnitTest" name="test104" time="0.663"/>
  <testcase classname="uts.asd.hsms.model.dao.MavenJUnitTest" name="test105" time="0.662"/>
</testsuite>